[debug] [2025-08-12T14:11:13.213Z] ----------------------------------------------------------------------
[debug] [2025-08-12T14:11:13.214Z] Command:       /Users/mac/.nvm/versions/node/v22.18.0/bin/node /Users/mac/.nvm/versions/node/v22.18.0/bin/firebase emulators:start --only functions
[debug] [2025-08-12T14:11:13.214Z] CLI Version:   14.11.2
[debug] [2025-08-12T14:11:13.215Z] Platform:      darwin
[debug] [2025-08-12T14:11:13.215Z] Node Version:  v22.18.0
[debug] [2025-08-12T14:11:13.215Z] Time:          Tue Aug 12 2025 19:11:13 GMT+0500 (Pakistan Standard Time)
[debug] [2025-08-12T14:11:13.215Z] ----------------------------------------------------------------------
[debug] 
[debug] [2025-08-12T14:11:13.337Z] > command requires scopes: ["email","openid","https://www.googleapis.com/auth/cloudplatformprojects.readonly","https://www.googleapis.com/auth/firebase","https://www.googleapis.com/auth/cloud-platform"]
[debug] [2025-08-12T14:11:13.338Z] > authorizing via signed-in user (rezahamza5@gmail.com)
[info] i  emulators: Starting emulators: functions {"metadata":{"emulator":{"name":"hub"},"message":"Starting emulators: functions"}}
[debug] [2025-08-12T14:11:13.578Z] [logging] Logging Emulator only supports listening on one address (127.0.0.1). Not listening on ::1
[debug] [2025-08-12T14:11:13.579Z] assigned listening specs for emulators {"user":{"hub":[{"address":"127.0.0.1","family":"IPv4","port":4400},{"address":"::1","family":"IPv6","port":4400}],"ui":[{"address":"127.0.0.1","family":"IPv4","port":4000},{"address":"::1","family":"IPv6","port":4000}],"logging":[{"address":"127.0.0.1","family":"IPv4","port":4500}]},"metadata":{"message":"assigned listening specs for emulators"}}
[debug] [2025-08-12T14:11:13.582Z] [hub] writing locator at /var/folders/kr/bk44vbcd69j7dy2lhl6rnkzr0000gn/T/hub-msgless-bb2db.json
[debug] [2025-08-12T14:11:13.833Z] [functions] Functions Emulator only supports listening on one address (127.0.0.1). Not listening on ::1
[debug] [2025-08-12T14:11:13.833Z] [eventarc] Eventarc Emulator only supports listening on one address (127.0.0.1). Not listening on ::1
[debug] [2025-08-12T14:11:13.833Z] [tasks] Cloud Tasks Emulator only supports listening on one address (127.0.0.1). Not listening on ::1
[debug] [2025-08-12T14:11:13.833Z] late-assigned ports for functions and eventarc emulators {"user":{"hub":[{"address":"127.0.0.1","family":"IPv4","port":4400},{"address":"::1","family":"IPv6","port":4400}],"ui":[{"address":"127.0.0.1","family":"IPv4","port":4000},{"address":"::1","family":"IPv6","port":4000}],"logging":[{"address":"127.0.0.1","family":"IPv4","port":4500}],"functions":[{"address":"127.0.0.1","family":"IPv4","port":5001}],"eventarc":[{"address":"127.0.0.1","family":"IPv4","port":9299}],"tasks":[{"address":"127.0.0.1","family":"IPv4","port":9499}]},"metadata":{"message":"late-assigned ports for functions and eventarc emulators"}}
[warn] ⚠  functions: The following emulators are not running, calls to these services from the Functions emulator will affect production: apphosting, auth, firestore, database, hosting, pubsub, storage, dataconnect {"metadata":{"emulator":{"name":"functions"},"message":"The following emulators are not running, calls to these services from the Functions emulator will affect production: \u001b[1mapphosting, auth, firestore, database, hosting, pubsub, storage, dataconnect\u001b[22m"}}
[debug] [2025-08-12T14:11:13.953Z] defaultcredentials: writing to file /Users/mac/.config/firebase/rezahamza5_gmail_com_application_default_credentials.json
[debug] [2025-08-12T14:11:13.954Z] Setting GAC to /Users/mac/.config/firebase/rezahamza5_gmail_com_application_default_credentials.json {"metadata":{"emulator":{"name":"functions"},"message":"Setting GAC to /Users/mac/.config/firebase/rezahamza5_gmail_com_application_default_credentials.json"}}
[debug] [2025-08-12T14:11:13.954Z] Checked if tokens are valid: true, expires at: 1755011101995
[debug] [2025-08-12T14:11:13.955Z] Checked if tokens are valid: true, expires at: 1755011101995
[debug] [2025-08-12T14:11:13.955Z] >>> [apiv2][query] GET https://firebase.googleapis.com/v1beta1/projects/msgless-bb2db/adminSdkConfig [none]
[debug] [2025-08-12T14:11:14.582Z] <<< [apiv2][status] GET https://firebase.googleapis.com/v1beta1/projects/msgless-bb2db/adminSdkConfig 200
[debug] [2025-08-12T14:11:14.583Z] <<< [apiv2][body] GET https://firebase.googleapis.com/v1beta1/projects/msgless-bb2db/adminSdkConfig {"projectId":"msgless-bb2db","storageBucket":"msgless-bb2db.firebasestorage.app"}
[info] i  functions: Watching "/Users/mac/Desktop/DatingApp/functions" for Cloud Functions... {"metadata":{"emulator":{"name":"functions"},"message":"Watching \"/Users/mac/Desktop/DatingApp/functions\" for Cloud Functions..."}}
[debug] [2025-08-12T14:11:14.615Z] Validating nodejs source
[debug] [2025-08-12T14:11:16.238Z] > [functions] package.json contents: {
  "name": "functions",
  "scripts": {
    "build": "tsc",
    "build:watch": "tsc --watch",
    "serve": "npm run build && firebase emulators:start --only functions",
    "shell": "npm run build && firebase functions:shell",
    "start": "npm run shell",
    "deploy": "npm run build && firebase deploy --only functions",
    "logs": "firebase functions:log"
  },
  "engines": {
    "node": "22"
  },
  "main": "lib/index.js",
  "dependencies": {
    "firebase-admin": "^12.0.0",
    "firebase-functions": "^6.4.0",
    "stripe": "^18.4.0"
  },
  "devDependencies": {
    "typescript": "^5.0.0"
  },
  "private": true
}
[debug] [2025-08-12T14:11:16.238Z] Building nodejs source
[debug] [2025-08-12T14:11:16.238Z] Failed to find version of module node: reached end of search path /Users/mac/Desktop/DatingApp/functions/node_modules
[info] ✔  functions: Using node@22 from host. 
[info] i  functions: Loaded environment variables from .env. 
[debug] [2025-08-12T14:11:16.240Z] Could not find functions.yaml. Must use http discovery
[debug] [2025-08-12T14:11:16.243Z] Found firebase-functions binary at '/Users/mac/Desktop/DatingApp/functions/node_modules/.bin/firebase-functions'
[info] Serving at port 8455

[debug] [2025-08-12T14:11:16.484Z] Got response from /__/functions.yaml {"endpoints":{"stripeWebhook":{"availableMemoryMb":null,"timeoutSeconds":null,"minInstances":null,"maxInstances":null,"ingressSettings":null,"concurrency":null,"serviceAccountEmail":null,"vpc":null,"platform":"gcfv2","labels":{},"httpsTrigger":{},"entryPoint":"stripeWebhook"},"checkExpiredPayments":{"availableMemoryMb":null,"timeoutSeconds":null,"minInstances":null,"maxInstances":null,"ingressSettings":null,"concurrency":null,"serviceAccountEmail":null,"vpc":null,"platform":"gcfv2","labels":{},"scheduleTrigger":{"schedule":"every 6 hours","retryConfig":{"retryCount":null,"maxDoublings":null,"maxRetrySeconds":null,"minBackoffSeconds":null,"maxBackoffSeconds":null},"timeZone":null},"entryPoint":"checkExpiredPayments"},"createMessagePaymentIntent":{"availableMemoryMb":null,"timeoutSeconds":null,"minInstances":null,"maxInstances":null,"ingressSettings":null,"concurrency":null,"serviceAccountEmail":null,"vpc":null,"platform":"gcfv2","labels":{},"callableTrigger":{},"entryPoint":"createMessagePaymentIntent"},"createEventTicketPaymentIntent":{"availableMemoryMb":null,"timeoutSeconds":null,"minInstances":null,"maxInstances":null,"ingressSettings":null,"concurrency":null,"serviceAccountEmail":null,"vpc":null,"platform":"gcfv2","labels":{},"callableTrigger":{},"entryPoint":"createEventTicketPaymentIntent"}},"specVersion":"v1alpha1","requiredAPIs":[{"api":"cloudscheduler.googleapis.com","reason":"Needed for scheduled functions."}],"extensions":{}}
[info] ✔  functions: Loaded functions definitions from source: stripeWebhook, checkExpiredPayments, createMessagePaymentIntent, createEventTicketPaymentIntent. {"metadata":{"emulator":{"name":"functions"},"message":"Loaded functions definitions from source: stripeWebhook, checkExpiredPayments, createMessagePaymentIntent, createEventTicketPaymentIntent."}}
[info] ✔  functions[us-central1-stripeWebhook]: http function initialized (http://127.0.0.1:5001/msgless-bb2db/us-central1/stripeWebhook). {"metadata":{"emulator":{"name":"functions"},"message":"\u001b[1mhttp\u001b[22m function initialized (http://127.0.0.1:5001/msgless-bb2db/us-central1/stripeWebhook)."}}
[info] i  functions[us-central1-checkExpiredPayments]: function ignored because the pubsub emulator does not exist or is not running. {"metadata":{"emulator":{"name":"functions"},"message":"function ignored because the pubsub emulator does not exist or is not running."}}
[info] ✔  functions[us-central1-createMessagePaymentIntent]: http function initialized (http://127.0.0.1:5001/msgless-bb2db/us-central1/createMessagePaymentIntent). {"metadata":{"emulator":{"name":"functions"},"message":"\u001b[1mhttp\u001b[22m function initialized (http://127.0.0.1:5001/msgless-bb2db/us-central1/createMessagePaymentIntent)."}}
[info] ✔  functions[us-central1-createEventTicketPaymentIntent]: http function initialized (http://127.0.0.1:5001/msgless-bb2db/us-central1/createEventTicketPaymentIntent). {"metadata":{"emulator":{"name":"functions"},"message":"\u001b[1mhttp\u001b[22m function initialized (http://127.0.0.1:5001/msgless-bb2db/us-central1/createEventTicketPaymentIntent)."}}
[debug] [2025-08-12T14:11:20.509Z] Could not find VSCode notification endpoint: FetchError: request to http://localhost:40001/vscode/notify failed, reason: . If you are not running the Firebase Data Connect VSCode extension, this is expected and not an issue.
[info] 
┌─────────────────────────────────────────────────────────────┐
│ ✔  All emulators ready! It is now safe to connect your app. │
│ i  View Emulator UI at http://127.0.0.1:4000/               │
└─────────────────────────────────────────────────────────────┘

┌───────────┬────────────────┬─────────────────────────────────┐
│ Emulator  │ Host:Port      │ View in Emulator UI             │
├───────────┼────────────────┼─────────────────────────────────┤
│ Functions │ 127.0.0.1:5001 │ http://127.0.0.1:4000/functions │
└───────────┴────────────────┴─────────────────────────────────┘
  Emulator Hub host: 127.0.0.1 port: 4400
  Other reserved ports: 4500

Issues? Report them at https://github.com/firebase/firebase-tools/issues and attach the *-debug.log files.
 
[debug] [2025-08-12T14:15:07.760Z] [work-queue] {"queuedWork":["/msgless-bb2db/us-central1/createEventTicketPaymentIntent-2025-08-12T14:15:07.760Z"],"queueLength":1,"runningWork":[],"workRunningCount":0}
[debug] [2025-08-12T14:15:07.761Z] [work-queue] {"queuedWork":[],"queueLength":0,"runningWork":["/msgless-bb2db/us-central1/createEventTicketPaymentIntent-2025-08-12T14:15:07.760Z"],"workRunningCount":1}
[debug] [2025-08-12T14:15:07.762Z] Accepted request POST /msgless-bb2db/us-central1/createEventTicketPaymentIntent --> us-central1-createEventTicketPaymentIntent
[debug] [2025-08-12T14:15:07.764Z] [functions] Runtime ready! Sending request! {"metadata":{"emulator":{"name":"functions"},"message":"[functions] Runtime ready! Sending request!"}}
[debug] [2025-08-12T14:15:07.764Z] [functions] Got req.url=/msgless-bb2db/us-central1/createEventTicketPaymentIntent, mapping to path=/ {"metadata":{"emulator":{"name":"functions"},"message":"[functions] Got req.url=/msgless-bb2db/us-central1/createEventTicketPaymentIntent, mapping to path=/"}}
[info] i  functions: Loaded environment variables from .env. 
[debug] [2025-08-12T14:15:07.769Z] [worker-pool] addWorker(us-central1-createEventTicketPaymentIntent) {"metadata":{"emulator":{"name":"functions"},"message":"[worker-pool] addWorker(us-central1-createEventTicketPaymentIntent)"}}
[debug] [2025-08-12T14:15:07.770Z] [worker-pool] Adding worker with key us-central1-createEventTicketPaymentIntent, total=1 {"metadata":{"emulator":{"name":"functions"},"message":"[worker-pool] Adding worker with key us-central1-createEventTicketPaymentIntent, total=1"}}
[debug] [2025-08-12T14:15:08.375Z] [runtime-status] [28686] Resolved module firebase-admin {"declared":true,"installed":true,"version":"12.7.0","resolution":"/Users/mac/Desktop/DatingApp/functions/node_modules/firebase-admin/lib/index.js"} {"metadata":{"emulator":{"name":"functions"},"function":{"name":"us-central1-createEventTicketPaymentIntent"},"extension":{},"message":"[runtime-status] [28686] Resolved module firebase-admin {\"declared\":true,\"installed\":true,\"version\":\"12.7.0\",\"resolution\":\"/Users/mac/Desktop/DatingApp/functions/node_modules/firebase-admin/lib/index.js\"}"}}
[debug] [2025-08-12T14:15:08.376Z] [runtime-status] [28686] Resolved module firebase-functions {"declared":true,"installed":true,"version":"6.4.0","resolution":"/Users/mac/Desktop/DatingApp/functions/node_modules/firebase-functions/lib/v2/index.js"} {"metadata":{"emulator":{"name":"functions"},"function":{"name":"us-central1-createEventTicketPaymentIntent"},"extension":{},"message":"[runtime-status] [28686] Resolved module firebase-functions {\"declared\":true,\"installed\":true,\"version\":\"6.4.0\",\"resolution\":\"/Users/mac/Desktop/DatingApp/functions/node_modules/firebase-functions/lib/v2/index.js\"}"}}
[debug] [2025-08-12T14:15:08.377Z] [runtime-status] [28686] Outgoing network have been stubbed. [{"name":"http","status":"mocked"},{"name":"http","status":"mocked"},{"name":"https","status":"mocked"},{"name":"https","status":"mocked"},{"name":"net","status":"mocked"}] {"metadata":{"emulator":{"name":"functions"},"function":{"name":"us-central1-createEventTicketPaymentIntent"},"extension":{},"message":"[runtime-status] [28686] Outgoing network have been stubbed. [{\"name\":\"http\",\"status\":\"mocked\"},{\"name\":\"http\",\"status\":\"mocked\"},{\"name\":\"https\",\"status\":\"mocked\"},{\"name\":\"https\",\"status\":\"mocked\"},{\"name\":\"net\",\"status\":\"mocked\"}]"}}
[debug] [2025-08-12T14:15:08.377Z] [runtime-status] [28686] Resolved module firebase-functions {"declared":true,"installed":true,"version":"6.4.0","resolution":"/Users/mac/Desktop/DatingApp/functions/node_modules/firebase-functions/lib/v2/index.js"} {"metadata":{"emulator":{"name":"functions"},"function":{"name":"us-central1-createEventTicketPaymentIntent"},"extension":{},"message":"[runtime-status] [28686] Resolved module firebase-functions {\"declared\":true,\"installed\":true,\"version\":\"6.4.0\",\"resolution\":\"/Users/mac/Desktop/DatingApp/functions/node_modules/firebase-functions/lib/v2/index.js\"}"}}
[debug] [2025-08-12T14:15:08.522Z] [runtime-status] [28686] Checked functions.config() {"config":{}} {"metadata":{"emulator":{"name":"functions"},"function":{"name":"us-central1-createEventTicketPaymentIntent"},"extension":{},"message":"[runtime-status] [28686] Checked functions.config() {\"config\":{}}"}}
[debug] [2025-08-12T14:15:08.522Z] [runtime-status] [28686] firebase-functions has been stubbed. {"functionsResolution":{"declared":true,"installed":true,"version":"6.4.0","resolution":"/Users/mac/Desktop/DatingApp/functions/node_modules/firebase-functions/lib/v2/index.js"}} {"metadata":{"emulator":{"name":"functions"},"function":{"name":"us-central1-createEventTicketPaymentIntent"},"extension":{},"message":"[runtime-status] [28686] firebase-functions has been stubbed. {\"functionsResolution\":{\"declared\":true,\"installed\":true,\"version\":\"6.4.0\",\"resolution\":\"/Users/mac/Desktop/DatingApp/functions/node_modules/firebase-functions/lib/v2/index.js\"}}"}}
[debug] [2025-08-12T14:15:08.522Z] [runtime-status] [28686] Resolved module firebase-functions {"declared":true,"installed":true,"version":"6.4.0","resolution":"/Users/mac/Desktop/DatingApp/functions/node_modules/firebase-functions/lib/v2/index.js"} {"metadata":{"emulator":{"name":"functions"},"function":{"name":"us-central1-createEventTicketPaymentIntent"},"extension":{},"message":"[runtime-status] [28686] Resolved module firebase-functions {\"declared\":true,\"installed\":true,\"version\":\"6.4.0\",\"resolution\":\"/Users/mac/Desktop/DatingApp/functions/node_modules/firebase-functions/lib/v2/index.js\"}"}}
[debug] [2025-08-12T14:15:08.524Z] [runtime-status] [28686] Resolved module firebase-admin {"declared":true,"installed":true,"version":"12.7.0","resolution":"/Users/mac/Desktop/DatingApp/functions/node_modules/firebase-admin/lib/index.js"} {"metadata":{"emulator":{"name":"functions"},"function":{"name":"us-central1-createEventTicketPaymentIntent"},"extension":{},"message":"[runtime-status] [28686] Resolved module firebase-admin {\"declared\":true,\"installed\":true,\"version\":\"12.7.0\",\"resolution\":\"/Users/mac/Desktop/DatingApp/functions/node_modules/firebase-admin/lib/index.js\"}"}}
[debug] [2025-08-12T14:15:08.525Z] [runtime-status] [28686] Resolved module firebase-functions {"declared":true,"installed":true,"version":"6.4.0","resolution":"/Users/mac/Desktop/DatingApp/functions/node_modules/firebase-functions/lib/v2/index.js"} {"metadata":{"emulator":{"name":"functions"},"function":{"name":"us-central1-createEventTicketPaymentIntent"},"extension":{},"message":"[runtime-status] [28686] Resolved module firebase-functions {\"declared\":true,\"installed\":true,\"version\":\"6.4.0\",\"resolution\":\"/Users/mac/Desktop/DatingApp/functions/node_modules/firebase-functions/lib/v2/index.js\"}"}}
[debug] [2025-08-12T14:15:08.525Z] [runtime-status] [28686] firebase-admin has been stubbed. {"adminResolution":{"declared":true,"installed":true,"version":"12.7.0","resolution":"/Users/mac/Desktop/DatingApp/functions/node_modules/firebase-admin/lib/index.js"}} {"metadata":{"emulator":{"name":"functions"},"function":{"name":"us-central1-createEventTicketPaymentIntent"},"extension":{},"message":"[runtime-status] [28686] firebase-admin has been stubbed. {\"adminResolution\":{\"declared\":true,\"installed\":true,\"version\":\"12.7.0\",\"resolution\":\"/Users/mac/Desktop/DatingApp/functions/node_modules/firebase-admin/lib/index.js\"}}"}}
[debug] [2025-08-12T14:15:08.561Z] [runtime-status] [28686] initializeApp(DEFAULT) {"storageBucket":"msgless-bb2db.firebasestorage.app","projectId":"msgless-bb2db"} {"metadata":{"emulator":{"name":"functions"},"function":{"name":"us-central1-createEventTicketPaymentIntent"},"extension":{},"message":"[runtime-status] [28686] initializeApp(DEFAULT) {\"storageBucket\":\"msgless-bb2db.firebasestorage.app\",\"projectId\":\"msgless-bb2db\"}"}}
[warn] ⚠  functions: The Cloud Firestore emulator is not running, so calls to Firestore will affect production. {"metadata":{"emulator":{"name":"functions"},"function":{"name":"us-central1-createEventTicketPaymentIntent"},"extension":{},"message":"The Cloud Firestore emulator is not running, so calls to Firestore will affect production."}}
[debug] [2025-08-12T14:15:08.565Z] [runtime-status] [28686] Functions runtime initialized. {"cwd":"/Users/mac/Desktop/DatingApp/functions","node_version":"22.18.0"} {"metadata":{"emulator":{"name":"functions"},"function":{"name":"us-central1-createEventTicketPaymentIntent"},"extension":{},"message":"[runtime-status] [28686] Functions runtime initialized. {\"cwd\":\"/Users/mac/Desktop/DatingApp/functions\",\"node_version\":\"22.18.0\"}"}}
[debug] [2025-08-12T14:15:08.565Z] [runtime-status] [28686] Listening to port: /var/folders/kr/bk44vbcd69j7dy2lhl6rnkzr0000gn/T/fire_emu_4b34f94c1704cca9.sock {"metadata":{"emulator":{"name":"functions"},"function":{"name":"us-central1-createEventTicketPaymentIntent"},"extension":{},"message":"[runtime-status] [28686] Listening to port: /var/folders/kr/bk44vbcd69j7dy2lhl6rnkzr0000gn/T/fire_emu_4b34f94c1704cca9.sock"}}
[debug] [2025-08-12T14:15:08.580Z] [worker-us-central1-createEventTicketPaymentIntent-fd729f47-315f-40c4-8636-0abcd433421e]: IDLE {"metadata":{"emulator":{"name":"functions"},"function":{"name":"us-central1-createEventTicketPaymentIntent"},"extension":{},"message":"[worker-us-central1-createEventTicketPaymentIntent-fd729f47-315f-40c4-8636-0abcd433421e]: IDLE"}}
[debug] [2025-08-12T14:15:08.580Z] [worker-pool] submitRequest(triggerId=us-central1-createEventTicketPaymentIntent) {"metadata":{"emulator":{"name":"functions"},"message":"[worker-pool] submitRequest(triggerId=us-central1-createEventTicketPaymentIntent)"}}
[info] i  functions: Beginning execution of "us-central1-createEventTicketPaymentIntent" {"metadata":{"emulator":{"name":"functions"},"function":{"name":"us-central1-createEventTicketPaymentIntent"},"extension":{},"message":"Beginning execution of \"us-central1-createEventTicketPaymentIntent\""}}
[debug] [2025-08-12T14:15:08.581Z] [worker-us-central1-createEventTicketPaymentIntent-fd729f47-315f-40c4-8636-0abcd433421e]: BUSY {"metadata":{"emulator":{"name":"functions"},"function":{"name":"us-central1-createEventTicketPaymentIntent"},"extension":{},"message":"[worker-us-central1-createEventTicketPaymentIntent-fd729f47-315f-40c4-8636-0abcd433421e]: BUSY"}}
[info] >  {"verifications":{"app":"MISSING","auth":"VALID"},"logging.googleapis.com/labels":{"firebase-log-type":"callable-request-verification"},"severity":"DEBUG","message":"Callable request verification passed"} {"user":{"verifications":{"app":"MISSING","auth":"VALID"},"logging.googleapis.com/labels":{"firebase-log-type":"callable-request-verification"},"severity":"DEBUG","message":"Callable request verification passed"},"metadata":{"emulator":{"name":"functions"},"function":{"name":"us-central1-createEventTicketPaymentIntent"},"extension":{},"message":"\u001b[90m> \u001b[39m {\"verifications\":{\"app\":\"MISSING\",\"auth\":\"VALID\"},\"logging.googleapis.com/labels\":{\"firebase-log-type\":\"callable-request-verification\"},\"severity\":\"DEBUG\",\"message\":\"Callable request verification passed\"}"}}
[debug] [2025-08-12T14:15:09.670Z] Finishing up request with event=pause {"metadata":{"emulator":{"name":"functions"},"function":{"name":"us-central1-createEventTicketPaymentIntent"},"extension":{},"message":"Finishing up request with event=pause"}}
[info] i  functions: Finished "us-central1-createEventTicketPaymentIntent" in 1089.594083ms {"metadata":{"emulator":{"name":"functions"},"function":{"name":"us-central1-createEventTicketPaymentIntent"},"extension":{},"message":"Finished \"us-central1-createEventTicketPaymentIntent\" in 1089.594083ms"}}
[debug] [2025-08-12T14:15:09.670Z] [worker-us-central1-createEventTicketPaymentIntent-fd729f47-315f-40c4-8636-0abcd433421e]: IDLE {"metadata":{"emulator":{"name":"functions"},"function":{"name":"us-central1-createEventTicketPaymentIntent"},"extension":{},"message":"[worker-us-central1-createEventTicketPaymentIntent-fd729f47-315f-40c4-8636-0abcd433421e]: IDLE"}}
[debug] [2025-08-12T14:15:09.670Z] Finishing up request with event=finish {"metadata":{"emulator":{"name":"functions"},"function":{"name":"us-central1-createEventTicketPaymentIntent"},"extension":{},"message":"Finishing up request with event=finish"}}
[debug] [2025-08-12T14:15:09.671Z] Finishing up request with event=close {"metadata":{"emulator":{"name":"functions"},"function":{"name":"us-central1-createEventTicketPaymentIntent"},"extension":{},"message":"Finishing up request with event=close"}}
[debug] [2025-08-12T14:15:09.671Z] [work-queue] {"queuedWork":[],"queueLength":0,"runningWork":[],"workRunningCount":0}
[debug] [2025-08-12T14:16:41.498Z] [work-queue] {"queuedWork":["/msgless-bb2db/us-central1/createEventTicketPaymentIntent-2025-08-12T14:16:41.497Z"],"queueLength":1,"runningWork":[],"workRunningCount":0}
[debug] [2025-08-12T14:16:41.499Z] [work-queue] {"queuedWork":[],"queueLength":0,"runningWork":["/msgless-bb2db/us-central1/createEventTicketPaymentIntent-2025-08-12T14:16:41.497Z"],"workRunningCount":1}
[debug] [2025-08-12T14:16:41.499Z] Accepted request POST /msgless-bb2db/us-central1/createEventTicketPaymentIntent --> us-central1-createEventTicketPaymentIntent
[debug] [2025-08-12T14:16:41.502Z] [functions] Runtime ready! Sending request! {"metadata":{"emulator":{"name":"functions"},"message":"[functions] Runtime ready! Sending request!"}}
[debug] [2025-08-12T14:16:41.502Z] [functions] Got req.url=/msgless-bb2db/us-central1/createEventTicketPaymentIntent, mapping to path=/ {"metadata":{"emulator":{"name":"functions"},"message":"[functions] Got req.url=/msgless-bb2db/us-central1/createEventTicketPaymentIntent, mapping to path=/"}}
[debug] [2025-08-12T14:16:41.502Z] [worker-pool] submitRequest(triggerId=us-central1-createEventTicketPaymentIntent) {"metadata":{"emulator":{"name":"functions"},"message":"[worker-pool] submitRequest(triggerId=us-central1-createEventTicketPaymentIntent)"}}
[info] i  functions: Beginning execution of "us-central1-createEventTicketPaymentIntent" {"metadata":{"emulator":{"name":"functions"},"function":{"name":"us-central1-createEventTicketPaymentIntent"},"extension":{},"message":"Beginning execution of \"us-central1-createEventTicketPaymentIntent\""}}
[debug] [2025-08-12T14:16:41.502Z] [worker-us-central1-createEventTicketPaymentIntent-fd729f47-315f-40c4-8636-0abcd433421e]: BUSY {"metadata":{"emulator":{"name":"functions"},"function":{"name":"us-central1-createEventTicketPaymentIntent"},"extension":{},"message":"[worker-us-central1-createEventTicketPaymentIntent-fd729f47-315f-40c4-8636-0abcd433421e]: BUSY"}}
[info] >  {"verifications":{"app":"MISSING","auth":"VALID"},"logging.googleapis.com/labels":{"firebase-log-type":"callable-request-verification"},"severity":"DEBUG","message":"Callable request verification passed"} {"user":{"verifications":{"app":"MISSING","auth":"VALID"},"logging.googleapis.com/labels":{"firebase-log-type":"callable-request-verification"},"severity":"DEBUG","message":"Callable request verification passed"},"metadata":{"emulator":{"name":"functions"},"function":{"name":"us-central1-createEventTicketPaymentIntent"},"extension":{},"message":"\u001b[90m> \u001b[39m {\"verifications\":{\"app\":\"MISSING\",\"auth\":\"VALID\"},\"logging.googleapis.com/labels\":{\"firebase-log-type\":\"callable-request-verification\"},\"severity\":\"DEBUG\",\"message\":\"Callable request verification passed\"}"}}
[debug] [2025-08-12T14:16:42.236Z] Finishing up request with event=pause {"metadata":{"emulator":{"name":"functions"},"function":{"name":"us-central1-createEventTicketPaymentIntent"},"extension":{},"message":"Finishing up request with event=pause"}}
[info] i  functions: Finished "us-central1-createEventTicketPaymentIntent" in 734.299625ms {"metadata":{"emulator":{"name":"functions"},"function":{"name":"us-central1-createEventTicketPaymentIntent"},"extension":{},"message":"Finished \"us-central1-createEventTicketPaymentIntent\" in 734.299625ms"}}
[debug] [2025-08-12T14:16:42.239Z] [worker-us-central1-createEventTicketPaymentIntent-fd729f47-315f-40c4-8636-0abcd433421e]: IDLE {"metadata":{"emulator":{"name":"functions"},"function":{"name":"us-central1-createEventTicketPaymentIntent"},"extension":{},"message":"[worker-us-central1-createEventTicketPaymentIntent-fd729f47-315f-40c4-8636-0abcd433421e]: IDLE"}}
[debug] [2025-08-12T14:16:42.239Z] Finishing up request with event=finish {"metadata":{"emulator":{"name":"functions"},"function":{"name":"us-central1-createEventTicketPaymentIntent"},"extension":{},"message":"Finishing up request with event=finish"}}
[debug] [2025-08-12T14:16:42.239Z] Finishing up request with event=close {"metadata":{"emulator":{"name":"functions"},"function":{"name":"us-central1-createEventTicketPaymentIntent"},"extension":{},"message":"Finishing up request with event=close"}}
[debug] [2025-08-12T14:16:42.239Z] [work-queue] {"queuedWork":[],"queueLength":0,"runningWork":[],"workRunningCount":0}
[debug] [2025-08-12T14:16:47.354Z] [work-queue] {"queuedWork":["/msgless-bb2db/us-central1/createEventTicketPaymentIntent-2025-08-12T14:16:47.354Z"],"queueLength":1,"runningWork":[],"workRunningCount":0}
[debug] [2025-08-12T14:16:47.354Z] [work-queue] {"queuedWork":[],"queueLength":0,"runningWork":["/msgless-bb2db/us-central1/createEventTicketPaymentIntent-2025-08-12T14:16:47.354Z"],"workRunningCount":1}
[debug] [2025-08-12T14:16:47.354Z] Accepted request POST /msgless-bb2db/us-central1/createEventTicketPaymentIntent --> us-central1-createEventTicketPaymentIntent
[debug] [2025-08-12T14:16:47.355Z] [functions] Runtime ready! Sending request! {"metadata":{"emulator":{"name":"functions"},"message":"[functions] Runtime ready! Sending request!"}}
[debug] [2025-08-12T14:16:47.355Z] [functions] Got req.url=/msgless-bb2db/us-central1/createEventTicketPaymentIntent, mapping to path=/ {"metadata":{"emulator":{"name":"functions"},"message":"[functions] Got req.url=/msgless-bb2db/us-central1/createEventTicketPaymentIntent, mapping to path=/"}}
[debug] [2025-08-12T14:16:47.356Z] [worker-pool] submitRequest(triggerId=us-central1-createEventTicketPaymentIntent) {"metadata":{"emulator":{"name":"functions"},"message":"[worker-pool] submitRequest(triggerId=us-central1-createEventTicketPaymentIntent)"}}
[info] i  functions: Beginning execution of "us-central1-createEventTicketPaymentIntent" {"metadata":{"emulator":{"name":"functions"},"function":{"name":"us-central1-createEventTicketPaymentIntent"},"extension":{},"message":"Beginning execution of \"us-central1-createEventTicketPaymentIntent\""}}
[debug] [2025-08-12T14:16:47.356Z] [worker-us-central1-createEventTicketPaymentIntent-fd729f47-315f-40c4-8636-0abcd433421e]: BUSY {"metadata":{"emulator":{"name":"functions"},"function":{"name":"us-central1-createEventTicketPaymentIntent"},"extension":{},"message":"[worker-us-central1-createEventTicketPaymentIntent-fd729f47-315f-40c4-8636-0abcd433421e]: BUSY"}}
[info] >  {"verifications":{"app":"MISSING","auth":"VALID"},"logging.googleapis.com/labels":{"firebase-log-type":"callable-request-verification"},"severity":"DEBUG","message":"Callable request verification passed"} {"user":{"verifications":{"app":"MISSING","auth":"VALID"},"logging.googleapis.com/labels":{"firebase-log-type":"callable-request-verification"},"severity":"DEBUG","message":"Callable request verification passed"},"metadata":{"emulator":{"name":"functions"},"function":{"name":"us-central1-createEventTicketPaymentIntent"},"extension":{},"message":"\u001b[90m> \u001b[39m {\"verifications\":{\"app\":\"MISSING\",\"auth\":\"VALID\"},\"logging.googleapis.com/labels\":{\"firebase-log-type\":\"callable-request-verification\"},\"severity\":\"DEBUG\",\"message\":\"Callable request verification passed\"}"}}
[debug] [2025-08-12T14:16:47.764Z] Finishing up request with event=pause {"metadata":{"emulator":{"name":"functions"},"function":{"name":"us-central1-createEventTicketPaymentIntent"},"extension":{},"message":"Finishing up request with event=pause"}}
[info] i  functions: Finished "us-central1-createEventTicketPaymentIntent" in 408.206125ms {"metadata":{"emulator":{"name":"functions"},"function":{"name":"us-central1-createEventTicketPaymentIntent"},"extension":{},"message":"Finished \"us-central1-createEventTicketPaymentIntent\" in 408.206125ms"}}
[debug] [2025-08-12T14:16:47.764Z] [worker-us-central1-createEventTicketPaymentIntent-fd729f47-315f-40c4-8636-0abcd433421e]: IDLE {"metadata":{"emulator":{"name":"functions"},"function":{"name":"us-central1-createEventTicketPaymentIntent"},"extension":{},"message":"[worker-us-central1-createEventTicketPaymentIntent-fd729f47-315f-40c4-8636-0abcd433421e]: IDLE"}}
[debug] [2025-08-12T14:16:47.764Z] Finishing up request with event=finish {"metadata":{"emulator":{"name":"functions"},"function":{"name":"us-central1-createEventTicketPaymentIntent"},"extension":{},"message":"Finishing up request with event=finish"}}
[debug] [2025-08-12T14:16:47.764Z] Finishing up request with event=close {"metadata":{"emulator":{"name":"functions"},"function":{"name":"us-central1-createEventTicketPaymentIntent"},"extension":{},"message":"Finishing up request with event=close"}}
[debug] [2025-08-12T14:16:47.764Z] [work-queue] {"queuedWork":[],"queueLength":0,"runningWork":[],"workRunningCount":0}
